<?xml version="1.0" encoding="UTF-8"?>
<testsuite xmlns:xsi="http://www.w3.org/2001/XMLSchema-instance" xsi:noNamespaceSchemaLocation="https://maven.apache.org/surefire/maven-surefire-plugin/xsd/surefire-test-report-3.0.xsd" version="3.0" name="TestSuite" time="15.698" tests="2" errors="0" skipped="0" failures="0">
  <properties>
[...]
</properties>
  <testcase name="verify_account_registration" classname="testCases.TC001_AccountRegistrationTest" time="6.671">
    <system-out><![CDATA[08:49:47.588 [main] DEBUG org.testng.TestNG - suiteXmlPath: "C:\eclipse-workspace\Opencart_HybridframeworkV1\Master.xml"
08:49:51.103 [main] INFO  testCases.TC001_AccountRegistrationTest - *******Starting TC001_AccountRegistrationTest*******
08:49:51.230 [main] INFO  testCases.TC001_AccountRegistrationTest - Clicked on MyAccount link
08:49:51.573 [main] INFO  testCases.TC001_AccountRegistrationTest - Clicked on Register link
08:49:51.577 [main] INFO  testCases.TC001_AccountRegistrationTest - Providing Customer details
08:49:57.739 [main] INFO  testCases.TC001_AccountRegistrationTest - *******Finished TC001_AccountRegistrationTest*******
]]></system-out>
  </testcase>
  <testcase name="verify_login" classname="testCases.TC002_Logintest" time="1.353">
    <system-out><![CDATA[08:49:59.596 [main] INFO  testCases.TC002_Logintest - *********Starting TC002_Logintest********
08:50:00.947 [main] INFO  testCases.TC002_Logintest - *********Finished TC002_Logintest********
]]></system-out>
  </testcase>
</testsuite>